[    0.000000] Linux version 4.15.0-204-generic (buildd@lcy02-amd64-030) (gcc version 7.5.0 (Ubuntu 7.5.0-3ubuntu1~18.04)) #215-Ubuntu SMP Fri Jan 20 18:24:59 UTC 2023 (Ubuntu 4.15.0-204.215-generic 4.15.18)
[    0.000000] Command line: BOOT_IMAGE=/boot/vmlinuz-4.15.0-204-generic root=LABEL=cloudimg-rootfs ro console=tty1 console=ttyS0
[    0.000000] KERNEL supported cpus:
[    0.000000]   Intel GenuineIntel
[    0.000000]   AMD AuthenticAMD
[    0.000000]   Centaur CentaurHauls
[    0.000000] x86/fpu: Supporting XSAVE feature 0x001: 'x87 floating point registers'
[    0.000000] x86/fpu: Supporting XSAVE feature 0x002: 'SSE registers'
[    0.000000] x86/fpu: Supporting XSAVE feature 0x004: 'AVX registers'
[    0.000000] x86/fpu: xstate_offset[2]:  576, xstate_sizes[2]:  256
[    0.000000] x86/fpu: Enabled xstate features 0x7, context size is 832 bytes, using 'standard' format.
[    0.000000] e820: BIOS-provided physical RAM map:
[    0.000000] BIOS-e820: [mem 0x0000000000000000-0x000000000009fbff] usable
[    0.000000] BIOS-e820: [mem 0x000000000009fc00-0x000000000009ffff] reserved
[    0.000000] BIOS-e820: [mem 0x00000000000f0000-0x00000000000fffff] reserved
[    0.000000] BIOS-e820: [mem 0x0000000000100000-0x00000000dffeffff] usable
[    0.000000] BIOS-e820: [mem 0x00000000dfff0000-0x00000000dfffffff] ACPI data
[    0.000000] BIOS-e820: [mem 0x00000000fec00000-0x00000000fec00fff] reserved
[    0.000000] BIOS-e820: [mem 0x00000000fee00000-0x00000000fee00fff] reserved
[    0.000000] BIOS-e820: [mem 0x00000000fffc0000-0x00000000ffffffff] reserved
[    0.000000] BIOS-e820: [mem 0x0000000100000000-0x000000019b7fffff] usable
[    0.000000] NX (Execute Disable) protection: active
[    0.000000] SMBIOS 2.5 present.
[    0.000000] DMI: innotek GmbH VirtualBox/VirtualBox, BIOS VirtualBox 12/01/2006
[    0.000000] Hypervisor detected: KVM
[    0.000000] e820: last_pfn = 0x19b800 max_arch_pfn = 0x400000000
[    0.000000] MTRR: Disabled
[    0.000000] x86/PAT: MTRRs disabled, skipping PAT initialization too.
[    0.000000] CPU MTRRs all blank - virtualized system.
[    0.000000] x86/PAT: Configuration [0-7]: WB  WT  UC- UC  WB  WT  UC- UC  
[    0.000000] e820: last_pfn = 0xdfff0 max_arch_pfn = 0x400000000
[    0.000000] found SMP MP-table at [mem 0x0009fff0-0x0009ffff]
[    0.000000] Scanning 1 areas for low memory corruption
[    0.000000] RAMDISK: [mem 0x359cb000-0x36cdcfff]
[    0.000000] ACPI: Early table checksum verification disabled
[    0.000000] ACPI: RSDP 0x00000000000E0000 000024 (v02 VBOX  )
[    0.000000] ACPI: XSDT 0x00000000DFFF0030 00003C (v01 VBOX   VBOXXSDT 00000001 ASL  00000061)
[    0.000000] ACPI: FACP 0x00000000DFFF00F0 0000F4 (v04 VBOX   VBOXFACP 00000001 ASL  00000061)
[    0.000000] ACPI: DSDT 0x00000000DFFF0620 002353 (v02 VBOX   VBOXBIOS 00000002 INTL 20200528)
[    0.000000] ACPI: FACS 0x00000000DFFF0200 000040
[    0.000000] ACPI: FACS 0x00000000DFFF0200 000040
[    0.000000] ACPI: APIC 0x00000000DFFF0240 000064 (v02 VBOX   VBOXAPIC 00000001 ASL  00000061)
[    0.000000] ACPI: SSDT 0x00000000DFFF02B0 00036C (v01 VBOX   VBOXCPUT 00000002 INTL 20200528)
[    0.000000] ACPI: Reserving FACP table memory at [mem 0xdfff00f0-0xdfff01e3]
[    0.000000] ACPI: Reserving DSDT table memory at [mem 0xdfff0620-0xdfff2972]
[    0.000000] ACPI: Reserving FACS table memory at [mem 0xdfff0200-0xdfff023f]
[    0.000000] ACPI: Reserving FACS table memory at [mem 0xdfff0200-0xdfff023f]
[    0.000000] ACPI: Reserving APIC table memory at [mem 0xdfff0240-0xdfff02a3]
[    0.000000] ACPI: Reserving SSDT table memory at [mem 0xdfff02b0-0xdfff061b]
[    0.000000] No NUMA configuration found
[    0.000000] Faking a node at [mem 0x0000000000000000-0x000000019b7fffff]
[    0.000000] NODE_DATA(0) allocated [mem 0x19b7d5000-0x19b7fffff]
[    0.000000] kvm-clock: cpu 0, msr 1:9b754001, primary cpu clock
[    0.000000] kvm-clock: Using msrs 4b564d01 and 4b564d00
[    0.000000] kvm-clock: using sched offset of 3827799101 cycles
[    0.000000] clocksource: kvm-clock: mask: 0xffffffffffffffff max_cycles: 0x1cd42e4dffb, max_idle_ns: 881590591483 ns
[    0.000000] Zone ranges:
[    0.000000]   DMA      [mem 0x0000000000001000-0x0000000000ffffff]
[    0.000000]   DMA32    [mem 0x0000000001000000-0x00000000ffffffff]
[    0.000000]   Normal   [mem 0x0000000100000000-0x000000019b7fffff]
[    0.000000]   Device   empty
[    0.000000] Movable zone start for each node
[    0.000000] Early memory node ranges
[    0.000000]   node   0: [mem 0x0000000000001000-0x000000000009efff]
[    0.000000]   node   0: [mem 0x0000000000100000-0x00000000dffeffff]
[    0.000000]   node   0: [mem 0x0000000100000000-0x000000019b7fffff]
[    0.000000] Reserved but unavailable: 104 pages
[    0.000000] Initmem setup node 0 [mem 0x0000000000001000-0x000000019b7fffff]
[    0.000000] ACPI: PM-Timer IO Port: 0x4008
[    0.000000] IOAPIC[0]: apic_id 3, version 32, address 0xfec00000, GSI 0-23
[    0.000000] ACPI: INT_SRC_OVR (bus 0 bus_irq 0 global_irq 2 dfl dfl)
[    0.000000] ACPI: INT_SRC_OVR (bus 0 bus_irq 9 global_irq 9 low level)
[    0.000000] Using ACPI (MADT) for SMP configuration information
[    0.000000] smpboot: Allowing 3 CPUs, 0 hotplug CPUs
[    0.000000] PM: Registered nosave memory: [mem 0x00000000-0x00000fff]
[    0.000000] PM: Registered nosave memory: [mem 0x0009f000-0x0009ffff]
[    0.000000] PM: Registered nosave memory: [mem 0x000a0000-0x000effff]
[    0.000000] PM: Registered nosave memory: [mem 0x000f0000-0x000fffff]
[    0.000000] PM: Registered nosave memory: [mem 0xdfff0000-0xdfffffff]
[    0.000000] PM: Registered nosave memory: [mem 0xe0000000-0xfebfffff]
[    0.000000] PM: Registered nosave memory: [mem 0xfec00000-0xfec00fff]
[    0.000000] PM: Registered nosave memory: [mem 0xfec01000-0xfedfffff]
[    0.000000] PM: Registered nosave memory: [mem 0xfee00000-0xfee00fff]
[    0.000000] PM: Registered nosave memory: [mem 0xfee01000-0xfffbffff]
[    0.000000] PM: Registered nosave memory: [mem 0xfffc0000-0xffffffff]
[    0.000000] e820: [mem 0xe0000000-0xfebfffff] available for PCI devices
[    0.000000] Booting paravirtualized kernel on KVM
[    0.000000] clocksource: refined-jiffies: mask: 0xffffffff max_cycles: 0xffffffff, max_idle_ns: 7645519600211568 ns
[    0.000000] setup_percpu: NR_CPUS:8192 nr_cpumask_bits:3 nr_cpu_ids:3 nr_node_ids:1
[    0.000000] percpu: Embedded 50 pages/cpu s167936 r8192 d28672 u524288
[    0.000000] PV qspinlock hash table entries: 256 (order: 0, 4096 bytes)
[    0.000000] Built 1 zonelists, mobility grouping on.  Total pages: 1530009
[    0.000000] Policy zone: Normal
[    0.000000] Kernel command line: BOOT_IMAGE=/boot/vmlinuz-4.15.0-204-generic root=LABEL=cloudimg-rootfs ro console=tty1 console=ttyS0
[    0.000000] Memory: 6003724K/6217272K available (12300K kernel code, 2477K rwdata, 4324K rodata, 2480K init, 2720K bss, 213548K reserved, 0K cma-reserved)
[    0.000000] SLUB: HWalign=64, Order=0-3, MinObjects=0, CPUs=3, Nodes=1
[    0.000000] Kernel/User page tables isolation: enabled
[    0.000000] ftrace: allocating 39488 entries in 155 pages
[    0.004000] Hierarchical RCU implementation.
[    0.004000] 	RCU restricting CPUs from NR_CPUS=8192 to nr_cpu_ids=3.
[    0.004000] 	Tasks RCU enabled.
[    0.004000] RCU: Adjusting geometry for rcu_fanout_leaf=16, nr_cpu_ids=3
[    0.004000] NR_IRQS: 524544, nr_irqs: 448, preallocated irqs: 16
[    0.004000] random: crng init done
[    0.004000] Console: colour VGA+ 80x25
[    0.004000] console [tty1] enabled
[    0.004000] console [ttyS0] enabled
[    0.004000] ACPI: Core revision 20170831
[    0.004000] ACPI: 2 ACPI AML tables successfully acquired and loaded
[    0.004000] APIC: Switch to symmetric I/O mode setup
[    0.010911] x2apic enabled
[    0.012063] Switched APIC routing to physical x2apic.
[    0.024000] ..TIMER: vector=0x30 apic1=0 pin1=2 apic2=-1 pin2=-1
[    0.024007] tsc: Detected 2312.596 MHz processor
[    0.028015] Calibrating delay loop (skipped) preset value.. 4625.19 BogoMIPS (lpj=9250384)
[    0.032008] pid_max: default: 32768 minimum: 301
[    0.036093] Security Framework initialized
[    0.040009] Yama: becoming mindful.
[    0.044106] AppArmor: AppArmor initialized
[    0.070457] Dentry cache hash table entries: 1048576 (order: 11, 8388608 bytes)
[    0.085130] Inode-cache hash table entries: 524288 (order: 10, 4194304 bytes)
[    0.088309] Mount-cache hash table entries: 16384 (order: 5, 131072 bytes)
[    0.092310] Mountpoint-cache hash table entries: 16384 (order: 5, 131072 bytes)
[    0.101008] Last level iTLB entries: 4KB 64, 2MB 8, 4MB 8
[    0.104082] Last level dTLB entries: 4KB 64, 2MB 0, 4MB 0, 1GB 4
[    0.108029] Spectre V1 : Mitigation: usercopy/swapgs barriers and __user pointer sanitization
[    0.112005] Spectre V2 : Mitigation: Retpolines
[    0.116004] Spectre V2 : Spectre v2 / SpectreRSB mitigation: Filling RSB on context switch
[    0.120028] Spectre V2 : Spectre v2 / SpectreRSB : Filling RSB on VMEXIT
[    0.124004] RETBleed: WARNING: Spectre v2 mitigation leaves CPU vulnerable to RETBleed attacks, data leaks possible!
[    0.128005] RETBleed: Vulnerable
[    0.132005] Speculative Store Bypass: Vulnerable
[    0.136161] MDS: Mitigation: Clear CPU buffers
[    0.140003] MMIO Stale Data: Mitigation: Clear CPU buffers
[    0.148004] SRBDS: Unknown: Dependent on hypervisor status
[    0.152256] Freeing SMP alternatives memory: 36K
[    0.269907] smpboot: CPU0: Intel(R) Core(TM) i5-8300H CPU @ 2.30GHz (family: 0x6, model: 0x9e, stepping: 0xa)
[    0.273119] Performance Events: unsupported p6 CPU model 158 no PMU driver, software events only.
[    0.276419] Hierarchical SRCU implementation.
[    0.281275] NMI watchdog: Perf event create on CPU 0 failed with -2
[    0.284008] NMI watchdog: Perf NMI watchdog permanently disabled
[    0.288384] smp: Bringing up secondary CPUs ...
[    0.292596] x86: Booting SMP configuration:
[    0.296008] .... node  #0, CPUs:      #1
[    0.004000] kvm-clock: cpu 1, msr 1:9b754041, secondary cpu clock
[    0.324574]  #2
[    0.004000] kvm-clock: cpu 2, msr 1:9b754081, secondary cpu clock
[    0.328127] smp: Brought up 1 node, 3 CPUs
[    0.332008] smpboot: Max logical packages: 1
[    0.336021] smpboot: Total of 3 processors activated (13875.57 BogoMIPS)
[    0.344621] devtmpfs: initialized
[    0.348154] x86/mm: Memory block size: 128MB
[    0.356974] evm: security.selinux
[    0.360013] evm: security.SMACK64
[    0.364007] evm: security.SMACK64EXEC
[    0.368007] evm: security.SMACK64TRANSMUTE
[    0.372007] evm: security.SMACK64MMAP
[    0.376007] evm: security.apparmor
[    0.380007] evm: security.ima
[    0.384011] evm: security.capability
[    0.388362] clocksource: jiffies: mask: 0xffffffff max_cycles: 0xffffffff, max_idle_ns: 7645041785100000 ns
[    0.392021] futex hash table entries: 1024 (order: 4, 65536 bytes)
[    0.396218] pinctrl core: initialized pinctrl subsystem
[    0.404303] RTC time:  7:56:57, date: 02/15/23
[    0.412147] NET: Registered protocol family 16
[    0.416167] audit: initializing netlink subsys (disabled)
[    0.420147] audit: type=2000 audit(1676447822.277:1): state=initialized audit_enabled=0 res=1
[    0.424023] cpuidle: using governor ladder
[    0.428021] cpuidle: using governor menu
[    0.436090] ACPI: bus type PCI registered
[    0.440009] acpiphp: ACPI Hot Plug PCI Controller Driver version: 0.5
[    0.444661] PCI: Using configuration type 1 for base access
[    0.452327] HugeTLB registered 2.00 MiB page size, pre-allocated 0 pages
[    0.456224] ACPI: Added _OSI(Module Device)
[    0.460000] ACPI: Added _OSI(Processor Device)
[    0.460000] ACPI: Added _OSI(3.0 _SCP Extensions)
[    0.464042] ACPI: Added _OSI(Processor Aggregator Device)
[    0.468000] ACPI: Added _OSI(Linux-Dell-Video)
[    0.472012] ACPI: Added _OSI(Linux-Lenovo-NV-HDMI-Audio)
[    0.472012] ACPI: Added _OSI(Linux-HPI-Hybrid-Graphics)
[    0.476000] ACPI: Executed 1 blocks of module-level executable AML code
[    0.477720] ACPI: Interpreter enabled
[    0.484027] ACPI: (supports S0 S5)
[    0.484027] ACPI: Using IOAPIC for interrupt routing
[    0.488000] PCI: Using host bridge windows from ACPI; if necessary, use "pci=nocrs" and report a bug
[    0.492359] ACPI: Enabled 2 GPEs in block 00 to 07
[    0.506546] ACPI: PCI Root Bridge [PCI0] (domain 0000 [bus 00-ff])
[    0.508022] acpi PNP0A03:00: _OSC: OS supports [ASPM ClockPM Segments MSI]
[    0.521228] acpi PNP0A03:00: _OSC: not requesting OS control; OS requires [ExtendedConfig ASPM ClockPM MSI]
[    0.524035] acpi PNP0A03:00: fail to add MMCONFIG information, can't access extended PCI configuration space under this bridge.
[    0.537344] PCI host bridge to bus 0000:00
[    0.544012] pci_bus 0000:00: root bus resource [io  0x0000-0x0cf7 window]
[    0.556014] pci_bus 0000:00: root bus resource [io  0x0d00-0xffff window]
[    0.560013] pci_bus 0000:00: root bus resource [mem 0x000a0000-0x000bffff window]
[    0.580011] pci_bus 0000:00: root bus resource [mem 0xe0000000-0xfdffffff window]
[    0.584055] pci_bus 0000:00: root bus resource [bus 00-ff]
[    0.615806] pci 0000:00:01.1: legacy IDE quirk: reg 0x10: [io  0x01f0-0x01f7]
[    0.620010] pci 0000:00:01.1: legacy IDE quirk: reg 0x14: [io  0x03f6]
[    0.636012] pci 0000:00:01.1: legacy IDE quirk: reg 0x18: [io  0x0170-0x0177]
[    0.640009] pci 0000:00:01.1: legacy IDE quirk: reg 0x1c: [io  0x0376]
[    0.718836] pci 0000:00:07.0: quirk: [io  0x4000-0x403f] claimed by PIIX4 ACPI
[    0.720000] pci 0000:00:07.0: quirk: [io  0x4100-0x410f] claimed by PIIX4 SMB
[    0.768857] ACPI: PCI Interrupt Link [LNKA] (IRQs 5 9 10 *11)
[    0.780844] ACPI: PCI Interrupt Link [LNKB] (IRQs 5 9 *10 11)
[    0.792335] ACPI: PCI Interrupt Link [LNKC] (IRQs 5 *9 10 11)
[    0.792335] ACPI: PCI Interrupt Link [LNKD] (IRQs 5 9 10 *11)
[    0.800788] SCSI subsystem initialized
[    0.808138] pci 0000:00:02.0: vgaarb: setting as boot VGA device
[    0.812000] pci 0000:00:02.0: vgaarb: VGA device added: decodes=io+mem,owns=io+mem,locks=none
[    0.836012] pci 0000:00:02.0: vgaarb: bridge control possible
[    0.836012] vgaarb: loaded
[    0.840000] ACPI: bus type USB registered
[    0.848037] usbcore: registered new interface driver usbfs
[    0.860050] usbcore: registered new interface driver hub
[    0.868168] usbcore: registered new device driver usb
[    0.876138] EDAC MC: Ver: 3.0.0
[    0.888114] PCI: Using ACPI for IRQ routing
[    0.900149] NetLabel: Initializing
[    0.908004] NetLabel:  domain hash size = 128
[    0.916004] NetLabel:  protocols = UNLABELED CIPSOv4 CALIPSO
[    0.928129] NetLabel:  unlabeled traffic allowed by default
[    0.932000] clocksource: Switched to clocksource kvm-clock
[    0.968410] VFS: Disk quotas dquot_6.6.0
[    0.973353] VFS: Dquot-cache hash table entries: 512 (order 0, 4096 bytes)
[    0.981609] AppArmor: AppArmor Filesystem Enabled
[    0.987498] pnp: PnP ACPI init
[    0.995543] pnp: PnP ACPI: found 3 devices
[    1.027017] clocksource: acpi_pm: mask: 0xffffff max_cycles: 0xffffff, max_idle_ns: 2085701024 ns
[    1.036696] NET: Registered protocol family 2
[    1.044151] IP idents hash table entries: 131072 (order: 8, 1048576 bytes)
[    1.053446] TCP established hash table entries: 65536 (order: 7, 524288 bytes)
[    1.062051] TCP bind hash table entries: 65536 (order: 8, 1048576 bytes)
[    1.071086] TCP: Hash tables configured (established 65536 bind 65536)
[    1.073075] UDP hash table entries: 4096 (order: 5, 131072 bytes)
[    1.084385] UDP-Lite hash table entries: 4096 (order: 5, 131072 bytes)
[    1.091247] NET: Registered protocol family 1
[    1.094910] pci 0000:00:00.0: Limiting direct PCI/PCI transfers
[    1.102201] pci 0000:00:01.0: Activating ISA DMA hang workarounds
[    1.109155] pci 0000:00:02.0: Video device with shadowed ROM at [mem 0x000c0000-0x000dffff]
[    1.118137] Unpacking initramfs...
[    1.543057] Freeing initrd memory: 19528K
[    1.607043] PCI-DMA: Using software bounce buffering for IO (SWIOTLB)
[    1.610855] software IO TLB: mapped [mem 0xdbff0000-0xdfff0000] (64MB)
[    1.619888] clocksource: tsc: mask: 0xffffffffffffffff max_cycles: 0x2155b01ff74, max_idle_ns: 440795227958 ns
[    1.629545] platform rtc_cmos: registered platform RTC device (no PNP device found)
[    1.633254] Scanning for low memory corruption every 60 seconds
[    1.644934] Initialise system trusted keyrings
[    1.648308] Key type blacklist registered
[    1.654437] workingset: timestamp_bits=36 max_order=21 bucket_order=0
[    1.663335] zbud: loaded
[    1.668290] squashfs: version 4.0 (2009/01/31) Phillip Lougher
[    1.675319] fuse init (API version 7.26)
[    1.690512] Key type asymmetric registered
[    1.694499] Asymmetric key parser 'x509' registered
[    1.701249] Block layer SCSI generic (bsg) driver version 0.4 loaded (major 246)
[    1.709528] io scheduler noop registered
[    1.713453] io scheduler deadline registered
[    1.718514] io scheduler cfq registered (default)
[    1.725377] ACPI: AC Adapter [AC] (on-line)
[    1.730081] input: Power Button as /devices/LNXSYSTM:00/LNXPWRBN:00/input/input0
[    1.738202] ACPI: Power Button [PWRF]
[    1.742102] input: Sleep Button as /devices/LNXSYSTM:00/LNXSLPBN:00/input/input1
[    1.750560] ACPI: Sleep Button [SLPF]
[    1.756642] Serial: 8250/16550 driver, 32 ports, IRQ sharing enabled
[    1.759798] ACPI: Battery Slot [BAT0] (battery present)
[    1.798193] 00:02: ttyS0 at I/O 0x3f8 (irq = 4, base_baud = 115200) is a 16550A
[    1.821536] Linux agpgart interface v0.103
[    1.835653] loop: module loaded
[    1.842146] scsi host0: ata_piix
[    1.847011] scsi host1: ata_piix
[    1.851000] ata1: PATA max UDMA/33 cmd 0x1f0 ctl 0x3f6 bmdma 0xd000 irq 14
[    1.859601] ata2: PATA max UDMA/33 cmd 0x170 ctl 0x376 bmdma 0xd008 irq 15
[    1.867798] tun: Universal TUN/TAP device driver, 1.6
[    1.874019] PPP generic driver version 2.4.2
[    1.883821] ehci_hcd: USB 2.0 'Enhanced' Host Controller (EHCI) Driver
[    1.890643] ehci-pci: EHCI PCI platform driver
[    1.897179] ehci-platform: EHCI generic platform driver
[    1.922595] ohci_hcd: USB 1.1 'Open' Host Controller (OHCI) Driver
[    1.929974] ohci-pci: OHCI PCI platform driver
[    1.935577] ohci-platform: OHCI generic platform driver
[    1.941181] uhci_hcd: USB Universal Host Controller Interface driver
[    1.949928] i8042: PNP: PS/2 Controller [PNP0303:PS2K,PNP0f03:PS2M] at 0x60,0x64 irq 1,12
[    1.961680] serio: i8042 KBD port at 0x60,0x64 irq 1
[    1.966921] serio: i8042 AUX port at 0x60,0x64 irq 12
[    1.973619] mousedev: PS/2 mouse device common for all mice
[    1.980742] input: AT Translated Set 2 keyboard as /devices/platform/i8042/serio0/input/input2
[    1.991710] rtc_cmos rtc_cmos: rtc core: registered rtc_cmos as rtc0
[    1.998610] rtc_cmos rtc_cmos: alarms up to one day, 114 bytes nvram
[    2.006279] i2c /dev entries driver
[    2.010708] device-mapper: uevent: version 1.0.3
[    2.015589] device-mapper: ioctl: 4.37.0-ioctl (2017-09-20) initialised: dm-devel@redhat.com
[    2.032864] ledtrig-cpu: registered to indicate activity on CPUs
[    2.041635] NET: Registered protocol family 10
[    2.059372] Segment Routing with IPv6
[    2.068774] NET: Registered protocol family 17
[    2.097800] Key type dns_resolver registered
[    2.103549] mce: Using 0 MCE banks
[    2.107431] RAS: Correctable Errors collector initialized.
[    2.113081] sched_clock: Marking stable (2113011514, 0)->(3618593397, -1505581883)
[    2.122611] registered taskstats version 1
[    2.127108] Loading compiled-in X.509 certificates
[    2.137624] Loaded X.509 cert 'Build time autogenerated kernel key: 449f52b446813ee48ad446aa51a5377584e80c28'
[    2.148127] Loaded X.509 cert 'Canonical Ltd. Live Patch Signing: 14df34d1a87cf37625abec039ef2bf521249b969'
[    2.158355] Loaded X.509 cert 'Canonical Ltd. Kernel Module Signing: 88f752e560a1e0737e31163a466ad7b70a850c19'
[    2.168608] blacklist: Loading compiled-in revocation X.509 certificates
[    2.175351] Loaded X.509 cert 'Canonical Ltd. Secure Boot Signing: 61482aa2830d0ab2ad5af10b7250da9033ddcef0'
[    2.185194] Loaded X.509 cert 'Canonical Ltd. Secure Boot Signing (2017): 242ade75ac4a15e50d50c84b0d45ff3eae707a03'
[    2.195104] Loaded X.509 cert 'Canonical Ltd. Secure Boot Signing (ESM 2018): 365188c1d374d6b07c3c8f240f8ef722433d6a8b'
[    2.205949] Loaded X.509 cert 'Canonical Ltd. Secure Boot Signing (2019): c0746fd6c5da3ae827864651ad66ae47fe24b3e8'
[    2.217330] Loaded X.509 cert 'Canonical Ltd. Secure Boot Signing (2021 v1): a8d54bbb3825cfb94fa13c9f8a594a195c107b8d'
[    2.228166] Loaded X.509 cert 'Canonical Ltd. Secure Boot Signing (2021 v2): 4cf046892d6fd3c9a5b03f98d845f90851dc6a8c'
[    2.238489] Loaded X.509 cert 'Canonical Ltd. Secure Boot Signing (2021 v3): 100437bb6de6e469b581e61cd66bce3ef4ed53af'
[    2.249275] Loaded X.509 cert 'Canonical Ltd. Secure Boot Signing (Ubuntu Core 2019): c1d57b8f6b743f23ee41f4f7ee292f06eecadfb9'
[    2.260171] zswap: loaded using pool lzo/zbud
[    2.274463] Key type big_key registered
[    2.278690] Key type trusted registered
[    2.287132] Key type encrypted registered
[    2.291497] AppArmor: AppArmor sha1 policy hashing enabled
[    2.297215] ima: No TPM chip found, activating TPM-bypass! (rc=-19)
[    2.303905] ima: Allocated hash algorithm: sha1
[    2.308725] evm: HMAC attrs: 0x1
[    2.313353]   Magic number: 11:732:925
[    2.318134] rtc_cmos rtc_cmos: setting system clock to 2023-02-15 07:56:59 UTC (1676447819)
[    2.327346] BIOS EDD facility v0.16 2004-Jun-25, 0 devices found
[    2.333537] EDD information not available.
[    2.344582] Freeing unused kernel image memory: 2480K
[    2.372671] Write protecting the kernel read-only data: 20480k
[    2.381472] Freeing unused kernel image memory: 2008K
[    2.387538] Freeing unused kernel image memory: 1820K
[    2.402096] x86/mm: Checked W+X mappings: passed, no W+X pages found.
[    2.409872] x86/mm: Checking user space page tables
[    2.423680] x86/mm: Checked W+X mappings: passed, no W+X pages found.
Loading, please wait...
starting version 237
[    2.550408] e1000: Intel(R) PRO/1000 Network Driver - version 7.3.21-k8-NAPI
[    2.558107] e1000: Copyright (c) 1999-2006 Intel Corporation.
[    2.571623] Fusion MPT base driver 3.04.20
[    2.576625] Copyright (c) 1999-2008 LSI Corporation
[    2.604985] AVX2 version of gcm_enc/dec engaged.
[    2.610218] AES CTR mode by8 optimization enabled
[    2.632464] Fusion MPT SPI Host driver 3.04.20
[    2.812973] input: ImExPS/2 Generic Explorer Mouse as /devices/platform/i8042/serio1/input/input4
[    3.207831] e1000 0000:00:03.0 eth0: (PCI:33MHz:32-bit) 02:1d:71:e8:cf:d1
[    3.215053] e1000 0000:00:03.0 eth0: Intel(R) PRO/1000 Network Connection
[    3.814749] e1000 0000:00:08.0 eth1: (PCI:33MHz:32-bit) 08:00:27:03:41:ab
[    3.821384] e1000 0000:00:08.0 eth1: Intel(R) PRO/1000 Network Connection
[    3.831039] e1000 0000:00:03.0 enp0s3: renamed from eth0
[    3.837990] mptbase: ioc0: Initiating bringup
[    3.857767] e1000 0000:00:08.0 enp0s8: renamed from eth1
[    3.950211] ioc0: LSI53C1030 A0: Capabilities={Initiator}
[    4.203170] scsi host2: ioc0: LSI53C1030 A0, FwRev=00000000h, Ports=1, MaxQ=256, IRQ=20
[    4.377829] scsi 2:0:0:0: Direct-Access     VBOX     HARDDISK         1.0  PQ: 0 ANSI: 5
[    4.416545] scsi target2:0:0: Beginning Domain Validation
[    4.428462] scsi target2:0:0: Domain Validation skipping write tests
[    4.434533] scsi target2:0:0: Ending Domain Validation
[    4.439896] scsi target2:0:0: asynchronous
[    4.446363] scsi 2:0:1:0: Direct-Access     VBOX     HARDDISK         1.0  PQ: 0 ANSI: 5
[    4.485124] scsi target2:0:1: Beginning Domain Validation
[    4.496495] scsi target2:0:1: Domain Validation skipping write tests
[    4.502511] scsi target2:0:1: Ending Domain Validation
[    4.508224] scsi target2:0:1: asynchronous
[    4.522504] sd 2:0:0:0: Attached scsi generic sg0 type 0
[    4.529023] sd 2:0:0:0: [sda] 83886080 512-byte logical blocks: (42.9 GB/40.0 GiB)
[    4.537340] sd 2:0:1:0: Attached scsi generic sg1 type 0
[    4.537745] sd 2:0:0:0: [sda] Write Protect is off
[    4.549011] sd 2:0:1:0: [sdb] 20480 512-byte logical blocks: (10.5 MB/10.0 MiB)
[    4.549329] sd 2:0:0:0: [sda] Incomplete mode parameter data
[    4.563128] sd 2:0:0:0: [sda] Assuming drive cache: write through
[    4.563217] sd 2:0:1:0: [sdb] Write Protect is off
[    4.572511]  sda: sda1
[    4.578890] sd 2:0:1:0: [sdb] Incomplete mode parameter data
[    4.580652] sd 2:0:0:0: [sda] Attached SCSI disk
[    4.584799] sd 2:0:1:0: [sdb] Assuming drive cache: write through
[    4.602694] sd 2:0:1:0: [sdb] Attached SCSI disk
Begin: Loading essential drivers ... [    7.312630] raid6: sse2x1   gen()  7548 MB/s
[    7.364229] raid6: sse2x1   xor()  5059 MB/s
[    7.416169] raid6: sse2x2   gen()  9037 MB/s
[    7.468133] raid6: sse2x2   xor()  5967 MB/s
[    7.520049] raid6: sse2x4   gen()  9588 MB/s
[    7.572059] raid6: sse2x4   xor()  6091 MB/s
[    7.625106] raid6: avx2x1   gen() 15041 MB/s
[    7.676094] raid6: avx2x1   xor() 10191 MB/s
[    7.728615] raid6: avx2x2   gen() 17527 MB/s
[    7.781084] raid6: avx2x2   xor() 11033 MB/s
[    7.832165] raid6: avx2x4   gen() 20532 MB/s
[    7.884301] raid6: avx2x4   xor() 12660 MB/s
[    7.889401] raid6: using algorithm avx2x4 gen() 20532 MB/s
[    7.895327] raid6: .... xor() 12660 MB/s, rmw enabled
[    7.900894] raid6: using avx2x2 recovery algorithm
[    7.909689] xor: automatically using best checksumming function   avx       
[    7.918716] async_tx: api initialized (async)
done.
Begin: Running /scripts/init-premount ... done.
Begin: Mounting root file system ... Begin: Running /scripts/local-top ... done.
Begin: Running /scripts/local-premount ... [    8.012104] Btrfs loaded, crc32c=crc32c-intel
Scanning for Btrfs filesystems
done.
Warning: fsck not present, so skipping root file system
[    8.066597] EXT4-fs (sda1): mounted filesystem with ordered data mode. Opts: (null)
done.
Begin: Running /scripts/local-bottom ... done.
Begin: Running /scripts/init-bottom ... done.
[    8.262721] ip_tables: (C) 2000-2006 Netfilter Core Team
[    8.281441] systemd[1]: systemd 237 running in system mode. (+PAM +AUDIT +SELINUX +IMA +APPARMOR +SMACK +SYSVINIT +UTMP +LIBCRYPTSETUP +GCRYPT +GNUTLS +ACL +XZ +LZ4 +SECCOMP +BLKID +ELFUTILS +KMOD -IDN2 +IDN -PCRE2 default-hierarchy=hybrid)
[    8.300730] systemd[1]: Detected virtualization oracle.
[    8.306586] systemd[1]: Detected architecture x86-64.

Welcome to [1mUbuntu 18.04.6 LTS[0m!

[    8.345370] systemd[1]: Set hostname to <ubuntu>.
[    8.356745] systemd[1]: Initializing machine ID from random generator.
[    8.364206] systemd[1]: Installed transient /etc/machine-id file.
[    8.707922] systemd[1]: Created slice User and Session Slice.
[[0;32m  OK  [0m] Created slice User and Session Slice.
[    8.718679] systemd[1]: Reached target System Time Synchronized.
[[0;32m  OK  [0m] Reached target System Time Synchronized.
[    8.729632] systemd[1]: Started Forward Password Requests to Wall Directory Watch.
[[0;32m  OK  [0m] Started Forward Password Requests to Wall Directory Watch.
[    8.743392] systemd[1]: Reached target Swap.
[[0;32m  OK  [0m] Reached target Swap.
[[0;32m  OK  [0m] Reached target User and Group Name Lookups.
[[0;32m  OK  [0m] Created slice System Slice.
[[0;32m  OK  [0m] Listening on LVM2 poll daemon socket.
[[0;32m  OK  [0m] Listening on Device-mapper event daemon FIFOs.
[[0;32m  OK  [0m] Listening on udev Control Socket.
[[0;32m  OK  [0m] Listening on Network Service Netlink Socket.
[[0;32m  OK  [0m] Listening on Syslog Socket.
[[0;32m  OK  [0m] Listening on Journal Audit Socket.
[[0;32m  OK  [0m] Created slice system-serial\x2dgetty.slice.
[[0;32m  OK  [0m] Listening on Journal Socket (/dev/log).
[[0;32m  OK  [0m] Listening on LVM2 metadata daemon socket.
[[0;32m  OK  [0m] Listening on Journal Socket.
         Mounting Huge Pages File System...
         Starting Journal Service...
         Starting Uncomplicated firewall...
         Starting Create list of required st…ce nodes for the current kernel...
         Starting Set the console keyboard layout...
[[0;32m  OK  [0m] Listening on /dev/initctl Compatibility Named Pipe.
[[0;32m  OK  [0m] Reached target Mounting snaps.
[[0;32m  OK  [0m] Reached target Mounted snaps.
[[0;32m  OK  [0m] Listening on fsck to fsckd communication Socket.
         Starting Monitoring of LVM2 mirrors…ng dmeventd or progress polling...
         Starting Load Kernel Modules...
[[0;32m  OK  [0m] Listening on udev Kernel Socket.
         Starting udev Coldplug all Devices...
[[0;32m  OK  [0m] Reached target Slices.
         Starting File System Check on Root Device...
         Mounting POSIX Message Queue File System...
[    8.949819] Loading iSCSI transport class v2.0-870.
[[0;32m  OK  [0m] Set up automount Arbitrary Executab…rmats File System Automount Point.
[    8.984537] iscsi: registered transport (tcp)
         Mounting Kernel Debug File System...
[[0;32m  OK  [0m] Started Journal Service.
[[0;32m  OK  [0m] Mounted Huge Pages File System.
[[0;32m  OK  [0m] Started Uncomplicated firewall.
[[0;32m  OK  [0m] Started Create list of required sta…vice nodes for the current kernel.
[[0;32m  OK  [0m] Mounted POSIX Message Queue File System.
[[0;32m  OK  [0m] Mounted Kernel Debug File System.
[[0;32m  OK  [0m] Started File System Check Daemon to report status.
[[0;32m  OK  [0m] Started LVM2 metadata daemon.
         Starting Create Static Device Nodes in /dev...
[[0;32m  OK  [0m] Started File System Check on Root Device.
         Starting Remount Root and Kernel File Systems...
[[0;32m  OK  [0m] Started udev Coldplug all Devices.
[[0;32m  OK  [0m] Started Create Static Device Nodes in /dev.
[    9.152620] iscsi: registered transport (iser)
[[0;32m  OK  [0m] Started Load Kernel Modules.
         Mounting FUSE Control File System...
         [    9.175371] EXT4-fs (sda1): re-mounted. Opts: (null)
Starting Apply Kernel Variables...
         Mounting Kernel Configuration File System...
[[0;32m  OK  [0m] Started Remount Root and Kernel File Systems.
[[0;32m  OK  [0m] Started Monitoring of LVM2 mirrors,…sing dmeventd or progress polling.
[[0;32m  OK  [0m] Mounted FUSE Control File System.
[[0;32m  OK  [0m] Mounted Kernel Configuration File System.
         Starting Flush Journal to Persistent Storage...
         Starting udev Kernel Device Manager...
         Starting Load/Save Random Seed...
[[0;32m  OK  [0m] Started Apply Kernel Variables.
[[0;32m  OK  [0m] Started Load/Save Random Seed.
[[0;32m  OK  [0m] Started udev Kernel Device Manager.
[[0;32m  OK  [0m] Started Flush Journal to Persistent Storage.
[[0;32m  OK  [0m] Found device /dev/ttyS0.
[[0;32m  OK  [0m] Listening on Load/Save RF Kill Switch Status /dev/rfkill Watch.
         Mounting Arbitrary Executable File Formats File System...
[[0;32m  OK  [0m] Mounted Arbitrary Executable File Formats File System.
[[0;32m  OK  [0m] Started Set the console keyboard layout.
[[0;32m  OK  [0m] Started Dispatch Password Requests to Console Directory Watch.
[[0;32m  OK  [0m] Reached target Local Encrypted Volumes.
[[0;32m  OK  [0m] Reached target Local File Systems (Pre).
[[0;32m  OK  [0m] Reached target Local File Systems.
         Starting AppArmor initialization...
         Starting Commit a transient machine-id on disk...
         Starting ebtables ruleset management...
         Starting Create Volatile Files and Directories...
         Starting Tell Plymouth To Write Out Runtime Data...
         Starting Set console font and keymap...
[[0;32m  OK  [0m] Started Tell Plymouth To Write Out Runtime Data.
[[0;32m  OK  [0m] Started Create Volatile Files and Directories.
         Starting Update UTMP about System Boot/Shutdown...
[[0;32m  OK  [0m] Started Update UTMP about System Boot/Shutdown.
[[0;32m  OK  [0m] Started Commit a transient machine-id on disk.
[[0;32m  OK  [0m] Started ebtables ruleset management.
[[0;32m  OK  [0m] Started AppArmor initialization.
         Starting Load AppArmor profiles managed internally by snapd...
         Starting Initial cloud-init job (pre-networking)...
[[0;32m  OK  [0m] Started Load AppArmor profiles managed internally by snapd.
[[0;32m  OK  [0m] Started Set console font and keymap.
[   14.144558] cloud-init[868]: Cloud-init v. 22.4.2-0ubuntu0~18.04.1 running 'init-local' at Wed, 15 Feb 2023 07:57:10 +0000. Up 13.64 seconds.
[[0;32m  OK  [0m] Started Initial cloud-init job (pre-networking).
[[0;32m  OK  [0m] Reached target Network (Pre).
         Starting Network Service...
[[0;32m  OK  [0m] Started Network Service.
         Starting Network Name Resolution...
         Starting Wait for Network to be Configured...
[[0;32m  OK  [0m] Started Network Name Resolution.
[[0;32m  OK  [0m] Reached target Network.
[[0;32m  OK  [0m] Reached target Host and Network Name Lookups.
[[0;32m  OK  [0m] Started Wait for Network to be Configured.
         Starting Initial cloud-init job (metadata service crawler)...
[   16.420575] cloud-init[1016]: Cloud-init v. 22.4.2-0ubuntu0~18.04.1 running 'init' at Wed, 15 Feb 2023 07:57:13 +0000. Up 16.18 seconds.
[   16.427007] cloud-init[1016]: ci-info: ++++++++++++++++++++++++++++++++++++++Net device info+++++++++++++++++++++++++++++++++++++++
[   16.432192] cloud-init[1016]: ci-info: +--------+-------+----------------------------+---------------+--------+-------------------+
[   16.437048] cloud-init[1016]: ci-info: | Device |   Up  |          Address           |      Mask     | Scope  |     Hw-Address    |
[   16.441961] cloud-init[1016]: ci-info: +--------+-------+----------------------------+---------------+--------+-------------------+
[   16.446811] cloud-init[1016]: ci-info: | enp0s3 |  True |         10.0.2.15          | 255.255.255.0 | global | 02:1d:71:e8:cf:d1 |
[   16.451873] cloud-init[1016]: ci-info: | enp0s3 |  True | fe80::1d:71ff:fee8:cfd1/64 |       .       |  link  | 02:1d:71:e8:cf:d1 |
[   16.456741] cloud-init[1016]: ci-info: | enp0s8 | False |             .              |       .       |   .    | 08:00:27:03:41:ab |
[   16.461669] cloud-init[1016]: ci-info: |   lo   |  True |         127.0.0.1          |   255.0.0.0   |  host  |         .         |
[   16.466550] cloud-init[1016]: ci-info: |   lo   |  True |          ::1/128           |       .       |  host  |         .         |
[   16.471464] cloud-init[1016]: ci-info: +--------+-------+----------------------------+---------------+--------+-------------------+
[   16.476475] cloud-init[1016]: ci-info: ++++++++++++++++++++++++++++Route IPv4 info+++++++++++++++++++++++++++++
[   16.480620] cloud-init[1016]: ci-info: +-------+-------------+----------+-----------------+-----------+-------+
[   16.484755] cloud-init[1016]: ci-info: | Route | Destination | Gateway  |     Genmask     | Interface | Flags |
[   16.488945] cloud-init[1016]: ci-info: +-------+-------------+----------+-----------------+-----------+-------+
[   16.493097] cloud-init[1016]: ci-info: |   0   |   0.0.0.0   | 10.0.2.2 |     0.0.0.0     |   enp0s3  |   UG  |
[   16.497263] cloud-init[1016]: ci-info: |   1   |   10.0.2.0  | 0.0.0.0  |  255.255.255.0  |   enp0s3  |   U   |
[   16.501465] cloud-init[1016]: ci-info: |   2   |   10.0.2.2  | 0.0.0.0  | 255.255.255.255 |   enp0s3  |   UH  |
[   16.505632] cloud-init[1016]: ci-info: +-------+-------------+----------+-----------------+-----------+-------+
[   16.509806] cloud-init[1016]: ci-info: +++++++++++++++++++Route IPv6 info+++++++++++++++++++
[   16.513484] cloud-init[1016]: ci-info: +-------+-------------+---------+-----------+-------+
[   16.517118] cloud-init[1016]: ci-info: | Route | Destination | Gateway | Interface | Flags |
[   16.520711] cloud-init[1016]: ci-info: +-------+-------------+---------+-----------+-------+
[   16.524318] cloud-init[1016]: ci-info: |   1   |  fe80::/64  |    ::   |   enp0s3  |   U   |
[   16.527861] cloud-init[1016]: ci-info: |   3   |    local    |    ::   |   enp0s3  |   U   |
[   16.531454] cloud-init[1016]: ci-info: |   4   |   ff00::/8  |    ::   |   enp0s3  |   U   |
[   16.535029] cloud-init[1016]: ci-info: +-------+-------------+---------+-----------+-------+
[   17.654987] cloud-init[1016]: Generating public/private rsa key pair.
[   17.658432] cloud-init[1016]: Your identification has been saved in /etc/ssh/ssh_host_rsa_key.
[   17.662924] cloud-init[1016]: Your public key has been saved in /etc/ssh/ssh_host_rsa_key.pub.
[   17.666620] cloud-init[1016]: The key fingerprint is:
[   17.668993] cloud-init[1016]: SHA256:ySebek/Sbku0XGPDJzkKG+ULkHfDLibqaED5ZT4JjQ8 root@ubuntu-bionic
[   17.672840] cloud-init[1016]: The key's randomart image is:
[   17.675199] cloud-init[1016]: +---[RSA 2048]----+
[   17.677396] cloud-init[1016]: |                 |
[   17.679561] cloud-init[1016]: |       . .       |
[   17.681730] cloud-init[1016]: |  . o o . =      |
[   17.683862] cloud-init[1016]: | o E + + * o .   |
[   17.686014] cloud-init[1016]: |. . B o S = X .  |
[   17.688260] cloud-init[1016]: |.  . * o # * *   |
[   17.690896] cloud-init[1016]: | .  . . = O      |
[   17.693288] cloud-init[1016]: |  .o   ..=.      |
[   17.695432] cloud-init[1016]: | .. . .. o+.     |
[   17.697611] cloud-init[1016]: +----[SHA256]-----+
[   17.699726] cloud-init[1016]: Generating public/private dsa key pair.
[   17.702563] cloud-init[1016]: Your identification has been saved in /etc/ssh/ssh_host_dsa_key.
[   17.706317] cloud-init[1016]: Your public key has been saved in /etc/ssh/ssh_host_dsa_key.pub.
[   17.710029] cloud-init[1016]: The key fingerprint is:
[   17.712243] cloud-init[1016]: SHA256:HEBJRaX1+yVOC94OPI/c2ZQE/u2/wjsELwcpys8oFkk root@ubuntu-bionic
[   17.716249] cloud-init[1016]: The key's randomart image is:
[   17.718669] cloud-init[1016]: +---[DSA 1024]----+
[   17.720866] cloud-init[1016]: |     o++o.o      |
[   17.723031] cloud-init[1016]: |      .. o .     |
[   17.725182] cloud-init[1016]: |        o   o.   |
[   17.727381] cloud-init[1016]: |     E . o +...  |
[   17.729579] cloud-init[1016]: |    . o S . *.o..|
[   17.731720] cloud-init[1016]: |     o o   + Xo+o|
[   17.733890] cloud-init[1016]: |      . +   X =oo|
[   17.736038] cloud-init[1016]: |     o . o . @ = |
[   17.738202] cloud-init[1016]: |    . .     o.O.*|
[   17.740396] cloud-init[1016]: +----[SHA256]-----+
[   17.742562] cloud-init[1016]: Generating public/private ecdsa key pair.
[   17.745500] cloud-init[1016]: Your identification has been saved in /etc/ssh/ssh_host_ecdsa_key.
[   17.749294] cloud-init[1016]: Your public key has been saved in /etc/ssh/ssh_host_ecdsa_key.pub.
[   17.753088] cloud-init[1016]: The key fingerprint is:
[   17.755437] cloud-init[1016]: SHA256:+SagoX43ygYejiJKiHxt8+pylCnCpv3fYJigBy8VDW8 root@ubuntu-bionic
[   17.759315] cloud-init[1016]: The key's randomart image is:
[   17.761783] cloud-init[1016]: +---[ECDSA 256]---+
[   17.763935] cloud-init[1016]: |  .              |
[   17.766126] cloud-init[1016]: |   +             |
[   17.768429] cloud-init[1016]: |  . E            |
[   17.770570] cloud-init[1016]: |   o     .       |
[   17.772739] cloud-init[1016]: |o o . + S        |
[   17.774873] cloud-init[1016]: |+Oo+.O . .       |
[   17.777045] cloud-init[1016]: |BB=+*+o . o      |
[   17.779194] cloud-init[1016]: |*+=o+o=o o       |
[   17.781369] cloud-init[1016]: |= .+B*oo.        |
[   17.783512] cloud-init[1016]: +----[SHA256]-----+
[   17.785676] cloud-init[1016]: Generating public/private ed25519 key pair.
[   17.788993] cloud-init[1016]: Your identification has been saved in /etc/ssh/ssh_host_ed25519_key.
[   17.793110] cloud-init[1016]: Your public key has been saved in /etc/ssh/ssh_host_ed25519_key.pub.
[   17.797387] cloud-init[1016]: The key fingerprint is:
[   17.799637] cloud-init[1016]: SHA256:1NzcRlUxne5pmHCoQLmZVxaSEiV5mpt0KeHWDyhERTo root@ubuntu-bionic
[   17.803522] cloud-init[1016]: The key's randomart image is:
[   17.805979] cloud-init[1016]: +--[ED25519 256]--+
[   17.808396] cloud-init[1016]: |    ..o==o... .+B|
[   17.810580] cloud-init[1016]: |     ..*.=.= o .o|
[   17.812762] cloud-init[1016]: |    .Eo & * + +  |
[   17.814934] cloud-init[1016]: |     ..# * o o . |
[   17.817670] cloud-init[1016]: |      + S + o + .|
[   17.819803] cloud-init[1016]: |       o . . o + |
[   17.821987] cloud-init[1016]: |              .  |
[   17.824116] cloud-init[1016]: |                 |
[   17.826317] cloud-init[1016]: |                 |
[   17.828431] cloud-init[1016]: +----[SHA256]-----+
[[0;32m  OK  [0m] Started Initial cloud-init job (metadata service crawler).
[[0;32m  OK  [0m] Reached target System Initialization.
[[0;32m  OK  [0m] Listening on D-Bus System Message Bus Socket.
[[0;32m  OK  [0m] Started ACPI Events Check.
[[0;32m  OK  [0m] Reached target Paths.
[[0;32m  OK  [0m] Listening on Open-iSCSI iscsid Socket.
[[0;32m  OK  [0m] Started Message of the Day.
[[0;32m  OK  [0m] Listening on cloud-init hotplug hook socket.
[[0;32m  OK  [0m] Started Ubuntu Advantage Timer for running repeated jobs.
[[0;32m  OK  [0m] Listening on ACPID Listen Socket.
[[0;32m  OK  [0m] Started Daily apt download activities.
[[0;32m  OK  [0m] Started Daily apt upgrade and clean activities.
[[0;32m  OK  [0m] Listening on UUID daemon activation socket.
         Starting Socket activation for snappy daemon.
[[0;32m  OK  [0m] Started Discard unused blocks once a week.
[[0;32m  OK  [0m] Started Daily Cleanup of Temporary Directories.
[[0;32m  OK  [0m] Reached target Timers.
         Starting LXD - unix socket.
[[0;32m  OK  [0m] Reached target Cloud-config availability.
[[0;32m  OK  [0m] Reached target Network is Online.
         Starting Availability of block devices...
[[0;32m  OK  [0m] Reached target Remote File Systems (Pre).
[[0;32m  OK  [0m] Reached target Remote File Systems.
[[0;32m  OK  [0m] Listening on Socket activation for snappy daemon.
[[0;32m  OK  [0m] Listening on LXD - unix socket.
[[0;32m  OK  [0m] Started Availability of block devices.
[[0;32m  OK  [0m] Reached target Sockets.
[[0;32m  OK  [0m] Reached target Basic System.
[[0;32m  OK  [0m] Reached target Login Prompts (Pre).
         Starting Permit User Sessions...
         Starting Virtualbox guest utils...
[[0;32m  OK  [0m] Started FUSE filesystem for LXC.
[[0;32m  OK  [0m] Started irqbalance daemon.
         Starting Accounts Service...
         Starting Dispatcher daemon for systemd-networkd...
         Starting Pollinate to seed the pseudo random number generator...
         Starting Login Service...
         Starting LXD - container startup/shutdown...
[[0;32m  OK  [0m] Started D-Bus System Message Bus.
         Starting System Logging Service...
[[0;32m  OK  [0m] Started Regular background program processing daemon.
         Starting LSB: Record successful boot for GRUB...
         Starting LSB: automatic crash report generation...
[[0;32m  OK  [0m] Started Deferred execution scheduler.
         Starting Snap Daemon...
[[0;32m  OK  [0m] Started System Logging Service.
[[0;32m  OK  [0m] Started Permit User Sessions.
[[0;32m  OK  [0m] Started LXD - container startup/shutdown.
[[0;32m  OK  [0m] Started Login Service.
[[0;32m  OK  [0m] Started Dispatcher daemon for systemd-networkd.
[[0;32m  OK  [0m] Started LSB: automatic crash report generation.
         Starting Authorization Manager...
[[0;32m  OK  [0m] Started Unattended Upgrades Shutdown.
         Starting Terminate Plymouth Boot Screen...
         Starting Hold until boot process finishes up...
[[0;32m  OK  [0m] Started Hold until boot process finishes up.
[[0;32m  OK  [0m] Started Serial Getty on ttyS0.
         Starting Set console scheme...
[[0;32m  OK  [0m] Started Terminate Plymouth Boot Screen.
[[0;32m  OK  [0m] Started Set console scheme.
[[0;32m  OK  [0m] Created slice system-getty.slice.
[[0;32m  OK  [0m] Started Getty on tty1.
[[0;32m  OK  [0m] Reached target Login Prompts.
[[0;32m  OK  [0m] Started LSB: Record successful boot for GRUB.
[[0;32m  OK  [0m] Started Authorization Manager.
[[0;32m  OK  [0m] Started Accounts Service.
[[0;32m  OK  [0m] Started Virtualbox guest utils.
[[0;32m  OK  [0m] Started Snap Daemon.
         Starting Wait until snapd is fully seeded...
[[0;32m  OK  [0m] Started Pollinate to seed the pseudo random number generator.
         Starting OpenBSD Secure Shell server...
[[0;32m  OK  [0m] Started OpenBSD Secure Shell server.
[[0;32m  OK  [0m] Created slice User Slice of vagrant.
         Starting User Manager for UID 1000...
[[0;32m  OK  [0m] Started Session 1 of user vagrant.
[[0;32m  OK  [0m] Started User Manager for UID 1000.
         Starting Time & Date Service...
[[0;32m  OK  [0m] Started Time & Date Service.
[[0;32m  OK  [0m] Started Wait until snapd is fully seeded.
         Starting Apply the settings specified in cloud-config...
[   24.508394] cloud-init[1707]: Cloud-init v. 22.4.2-0ubuntu0~18.04.1 running 'modules:config' at Wed, 15 Feb 2023 07:57:20 +0000. Up 23.80 seconds.

Ubuntu 18.04.6 LTS ubuntu-bionic ttyS0

ubuntu-bionic login: ci-info: no authorized SSH keys fingerprints found for user ubuntu.
<14>Feb 15 07:57:22 cloud-init: #############################################################
<14>Feb 15 07:57:22 cloud-init: -----BEGIN SSH HOST KEY FINGERPRINTS-----
<14>Feb 15 07:57:22 cloud-init: 1024 SHA256:HEBJRaX1+yVOC94OPI/c2ZQE/u2/wjsELwcpys8oFkk root@ubuntu-bionic (DSA)
<14>Feb 15 07:57:22 cloud-init: 256 SHA256:+SagoX43ygYejiJKiHxt8+pylCnCpv3fYJigBy8VDW8 root@ubuntu-bionic (ECDSA)
<14>Feb 15 07:57:22 cloud-init: 256 SHA256:1NzcRlUxne5pmHCoQLmZVxaSEiV5mpt0KeHWDyhERTo root@ubuntu-bionic (ED25519)
<14>Feb 15 07:57:22 cloud-init: 2048 SHA256:ySebek/Sbku0XGPDJzkKG+ULkHfDLibqaED5ZT4JjQ8 root@ubuntu-bionic (RSA)
<14>Feb 15 07:57:22 cloud-init: -----END SSH HOST KEY FINGERPRINTS-----
<14>Feb 15 07:57:22 cloud-init: #############################################################
-----BEGIN SSH HOST KEY KEYS-----
ecdsa-sha2-nistp256 AAAAE2VjZHNhLXNoYTItbmlzdHAyNTYAAAAIbmlzdHAyNTYAAABBBJ1hQPuyVxp4HPPcL2jx0AizuPM3DlkmQCRysOIqmZqazhAuRcFHxY5aTxHV7jIa1mIwpFHLsEX2KAr2Yf0TLF0= root@ubuntu-bionic
ssh-ed25519 AAAAC3NzaC1lZDI1NTE5AAAAIPjrTwMJYxSFcJDy4owEBh8tgCOAOiK3rlLu/CShXc3M root@ubuntu-bionic
ssh-rsa AAAAB3NzaC1yc2EAAAADAQABAAABAQDAlBoImTVzeduYPQw/qVZpOqM8XrEtXF5tYpwk1xYtIPFDPnJMC0gRbjIU9uB8bjlJDuHrCSTM+Exl8K8ZRHK6SvKZ0Bjc1YDogs9prPnk8L0ei731tJuCxdDhxnO4futdC1OdGFCeUJu0EhpdYSO2cjMfy9m86J+m59o4GoAvMvWmm4FlufK7HNFUY6g2Fd6hpgaPrmK4WPb434QuhVuZu8efQ0KudJMTW11V8y/yPdV9FVGgDolueFZL6tgEBxTPVZBIoLjTg8IK9sD113Fti1fcHsuL4TApTNuJQYcUwhuYkCGrWOsOa6OD/qQ4qyizOmUxwo3vDwdoxi42jArn root@ubuntu-bionic
-----END SSH HOST KEY KEYS-----
[   25.785130] cloud-init[1927]: Cloud-init v. 22.4.2-0ubuntu0~18.04.1 running 'modules:final' at Wed, 15 Feb 2023 07:57:22 +0000. Up 25.42 seconds.
[   25.792922] cloud-init[1927]: Cloud-init v. 22.4.2-0ubuntu0~18.04.1 finished at Wed, 15 Feb 2023 07:57:22 +0000. Datasource DataSourceNoCloud [seed=/dev/sdb][dsmode=net].  Up 25.73 seconds
